<?xml version="1.0" encoding="utf-8"?><testsuites><testsuite name="pytest" errors="0" failures="0" skipped="0" tests="7" time="0.047" timestamp="2023-10-25T10:50:48.354105" hostname="admins-macbook-pro-1.home"><testcase classname="tests.unit.test_solutions" name="test_104" time="0.001" /><testcase classname="tests.unit.test_solutions" name="test_depth_first" time="0.001" /><testcase classname="tests.unit.test_solutions" name="test_depth_first_recursive" time="0.000" /><testcase classname="tests.unit.test_solutions" name="test_breadth_first" time="0.000" /><testcase classname="tests.unit.test_solutions" name="test_left_sim" time="0.000" /><testcase classname="tests.unit.test_solutions" name="test_has_path" time="0.000" /><testcase classname="tests.unit.test_solutions" name="test_has_no_path" time="0.000" /></testsuite></testsuites>