<?xml version="1.0" encoding="utf-8"?><testsuites><testsuite name="pytest" errors="0" failures="0" skipped="0" tests="1" time="0.032" timestamp="2023-10-21T13:11:30.922556" hostname="admins-macbook-pro-2.home"><testcase classname="tests.unit.test_solutions" name="test_104" time="0.001" /></testsuite></testsuites>