<?xml version="1.0" encoding="utf-8"?><testsuites><testsuite name="pytest" errors="0" failures="0" skipped="0" tests="12" time="0.540" timestamp="2023-10-26T10:27:29.954378" hostname="admins-MacBook-Pro-2.local"><testcase classname="tests.unit.test_solutions" name="test_104" time="0.001" /><testcase classname="tests.unit.test_solutions" name="test_depth_first" time="0.001" /><testcase classname="tests.unit.test_solutions" name="test_depth_first_recursive" time="0.000" /><testcase classname="tests.unit.test_solutions" name="test_breadth_first" time="0.000" /><testcase classname="tests.unit.test_solutions" name="test_left_sim" time="0.000" /><testcase classname="tests.unit.test_solutions" name="test_has_path_req" time="0.000" /><testcase classname="tests.unit.test_solutions" name="test_has_no_path_req" time="0.000" /><testcase classname="tests.unit.test_solutions" name="test_has_path" time="0.000" /><testcase classname="tests.unit.test_solutions" name="test_has_no_path" time="0.000" /><testcase classname="tests.unit.test_solutions" name="test_count_good_nodes" time="0.000" /><testcase classname="tests.unit.test_solutions" name="test_bs_extraction" time="0.477" /><testcase classname="tests.unit.test_solutions" name="test_slg" time="0.010" /></testsuite></testsuites>